apps/bcg-tv-android/app/build/intermediates/manifest_merge_blame_file/debug/processDebugMainManifest/manifest-merger-blame-debug-report.txt
1<?xml version="1.0" encoding="utf-8"?>
2<manifest xmlns:android="http://schemas.android.com/apk/res/android"
3    package="com.bostoncitygroup.bcgtv"
4    android:versionCode="14"
5    android:versionName="1.3.4" >
6
7    <uses-sdk
8        android:minSdkVersion="24"
9        android:targetSdkVersion="35" />
10
11    <uses-permission android:name="android.permission.INTERNET" />
11-->src\main\AndroidManifest.xml:4:5-67
11-->src\main\AndroidManifest.xml:4:22-64
12    <uses-permission android:name="android.permission.ACCESS_NETWORK_STATE" />
12-->src\main\AndroidManifest.xml:5:5-79
12-->src\main\AndroidManifest.xml:5:22-76
13    <uses-permission android:name="android.permission.ACCESS_WIFI_STATE" />
13-->src\main\AndroidManifest.xml:6:5-76
13-->src\main\AndroidManifest.xml:6:22-73
14    <uses-permission android:name="android.permission.CHANGE_WIFI_MULTICAST_STATE" />
14-->src\main\AndroidManifest.xml:7:5-86
14-->src\main\AndroidManifest.xml:7:22-83
15    <uses-permission android:name="android.permission.RECEIVE_BOOT_COMPLETED" />
15-->src\main\AndroidManifest.xml:8:5-81
15-->src\main\AndroidManifest.xml:8:22-78
16    <uses-permission android:name="android.permission.WAKE_LOCK" />
16-->src\main\AndroidManifest.xml:9:5-68
16-->src\main\AndroidManifest.xml:9:22-65
17    <uses-permission
17-->src\main\AndroidManifest.xml:10:5-12:58
18        android:name="android.permission.NEARBY_WIFI_DEVICES"
18-->src\main\AndroidManifest.xml:11:9-62
19        android:usesPermissionFlags="neverForLocation" />
19-->src\main\AndroidManifest.xml:12:9-55
20
21    <uses-feature
21-->src\main\AndroidManifest.xml:14:5-16:36
22        android:name="android.software.leanback"
22-->src\main\AndroidManifest.xml:15:9-49
23        android:required="false" />
23-->src\main\AndroidManifest.xml:16:9-33
24    <uses-feature
24-->src\main\AndroidManifest.xml:17:5-19:36
25        android:name="android.hardware.touchscreen"
25-->src\main\AndroidManifest.xml:18:9-52
26        android:required="false" />
26-->src\main\AndroidManifest.xml:19:9-33
27
28    <permission
28-->[androidx.core:core:1.15.0] AndroidManifest.xml:22:5-24:47
29        android:name="com.bostoncitygroup.bcgtv.DYNAMIC_RECEIVER_NOT_EXPORTED_PERMISSION"
29-->[androidx.core:core:1.15.0] AndroidManifest.xml:23:9-81
30        android:protectionLevel="signature" />
30-->[androidx.core:core:1.15.0] AndroidManifest.xml:24:9-44
31
32    <uses-permission android:name="com.bostoncitygroup.bcgtv.DYNAMIC_RECEIVER_NOT_EXPORTED_PERMISSION" />
32-->[androidx.core:core:1.15.0] AndroidManifest.xml:26:5-97
32-->[androidx.core:core:1.15.0] AndroidManifest.xml:26:22-94
33
34    <application
34-->src\main\AndroidManifest.xml:21:5-69:19
35        android:name="com.bostoncitygroup.bcgtv.BcgTvApp"
35-->src\main\AndroidManifest.xml:22:9-33
36        android:allowBackup="false"
36-->src\main\AndroidManifest.xml:23:9-36
37        android:appComponentFactory="androidx.core.app.CoreComponentFactory"
37-->[androidx.core:core:1.15.0] AndroidManifest.xml:28:18-86
38        android:banner="@drawable/tv_banner"
38-->src\main\AndroidManifest.xml:24:9-45
39        android:debuggable="true"
40        android:extractNativeLibs="false"
41        android:hardwareAccelerated="true"
41-->src\main\AndroidManifest.xml:25:9-43
42        android:icon="@drawable/ic_launcher"
42-->src\main\AndroidManifest.xml:26:9-45
43        android:label="@string/app_name"
43-->src\main\AndroidManifest.xml:27:9-41
44        android:supportsRtl="true"
44-->src\main\AndroidManifest.xml:28:9-35
45        android:theme="@style/Theme.BcgTv"
45-->src\main\AndroidManifest.xml:29:9-43
46        android:usesCleartextTraffic="false" >
46-->src\main\AndroidManifest.xml:30:9-45
47        <activity
47-->src\main\AndroidManifest.xml:32:9-43:20
48            android:name="com.bostoncitygroup.bcgtv.SetupActivity"
48-->src\main\AndroidManifest.xml:33:13-42
49            android:exported="true"
49-->src\main\AndroidManifest.xml:34:13-36
50            android:launchMode="singleTask"
50-->src\main\AndroidManifest.xml:35:13-44
51            android:screenOrientation="landscape"
51-->src\main\AndroidManifest.xml:36:13-50
52            android:theme="@style/Theme.BcgTv" >
52-->src\main\AndroidManifest.xml:37:13-47
53            <intent-filter>
53-->src\main\AndroidManifest.xml:38:13-42:29
54                <action android:name="android.intent.action.MAIN" />
54-->src\main\AndroidManifest.xml:39:17-69
54-->src\main\AndroidManifest.xml:39:25-66
55
56                <category android:name="android.intent.category.LAUNCHER" />
56-->src\main\AndroidManifest.xml:40:17-77
56-->src\main\AndroidManifest.xml:40:27-74
57                <category android:name="android.intent.category.LEANBACK_LAUNCHER" />
57-->src\main\AndroidManifest.xml:41:17-86
57-->src\main\AndroidManifest.xml:41:27-83
58            </intent-filter>
59        </activity>
60        <activity
60-->src\main\AndroidManifest.xml:45:9-51:61
61            android:name="com.bostoncitygroup.bcgtv.NativePlayerActivity"
61-->src\main\AndroidManifest.xml:46:13-49
62            android:configChanges="orientation|screenSize|keyboardHidden"
62-->src\main\AndroidManifest.xml:47:13-74
63            android:exported="false"
63-->src\main\AndroidManifest.xml:48:13-37
64            android:launchMode="singleTask"
64-->src\main\AndroidManifest.xml:49:13-44
65            android:screenOrientation="landscape"
65-->src\main\AndroidManifest.xml:50:13-50
66            android:theme="@style/Theme.BcgTv.Fullscreen" />
66-->src\main\AndroidManifest.xml:51:13-58
67        <activity
67-->src\main\AndroidManifest.xml:53:9-59:61
68            android:name="com.bostoncitygroup.bcgtv.PlayerActivity"
68-->src\main\AndroidManifest.xml:54:13-43
69            android:configChanges="orientation|screenSize|keyboardHidden"
69-->src\main\AndroidManifest.xml:55:13-74
70            android:exported="false"
70-->src\main\AndroidManifest.xml:56:13-37
71            android:launchMode="singleTask"
71-->src\main\AndroidManifest.xml:57:13-44
72            android:screenOrientation="landscape"
72-->src\main\AndroidManifest.xml:58:13-50
73            android:theme="@style/Theme.BcgTv.Fullscreen" />
73-->src\main\AndroidManifest.xml:59:13-58
74
75        <receiver
75-->src\main\AndroidManifest.xml:61:9-68:20
76            android:name="com.bostoncitygroup.bcgtv.BootReceiver"
76-->src\main\AndroidManifest.xml:62:13-41
77            android:enabled="true"
77-->src\main\AndroidManifest.xml:63:13-35
78            android:exported="true" >
78-->src\main\AndroidManifest.xml:64:13-36
79            <intent-filter>
79-->src\main\AndroidManifest.xml:65:13-67:29
80                <action android:name="android.intent.action.BOOT_COMPLETED" />
80-->src\main\AndroidManifest.xml:66:17-79
80-->src\main\AndroidManifest.xml:66:25-76
81            </intent-filter>
82        </receiver>
83
84        <provider
84-->[androidx.emoji2:emoji2:1.3.0] AndroidManifest.xml:24:9-32:20
85            android:name="androidx.startup.InitializationProvider"
85-->[androidx.emoji2:emoji2:1.3.0] AndroidManifest.xml:25:13-67
86            android:authorities="com.bostoncitygroup.bcgtv.androidx-startup"
86-->[androidx.emoji2:emoji2:1.3.0] AndroidManifest.xml:26:13-68
87            android:exported="false" >
87-->[androidx.emoji2:emoji2:1.3.0] AndroidManifest.xml:27:13-37
88            <meta-data
88-->[androidx.emoji2:emoji2:1.3.0] AndroidManifest.xml:29:13-31:52
89                android:name="androidx.emoji2.text.EmojiCompatInitializer"
89-->[androidx.emoji2:emoji2:1.3.0] AndroidManifest.xml:30:17-75
90                android:value="androidx.startup" />
90-->[androidx.emoji2:emoji2:1.3.0] AndroidManifest.xml:31:17-49
91            <meta-data
91-->[androidx.lifecycle:lifecycle-process:2.7.0] AndroidManifest.xml:29:13-31:52
92                android:name="androidx.lifecycle.ProcessLifecycleInitializer"
92-->[androidx.lifecycle:lifecycle-process:2.7.0] AndroidManifest.xml:30:17-78
93                android:value="androidx.startup" />
93-->[androidx.lifecycle:lifecycle-process:2.7.0] AndroidManifest.xml:31:17-49
94            <meta-data
94-->[androidx.profileinstaller:profileinstaller:1.4.0] AndroidManifest.xml:29:13-31:52
95                android:name="androidx.profileinstaller.ProfileInstallerInitializer"
95-->[androidx.profileinstaller:profileinstaller:1.4.0] AndroidManifest.xml:30:17-85
96                android:value="androidx.startup" />
96-->[androidx.profileinstaller:profileinstaller:1.4.0] AndroidManifest.xml:31:17-49
97        </provider>
98
99        <receiver
99-->[androidx.profileinstaller:profileinstaller:1.4.0] AndroidManifest.xml:34:9-52:20
100            android:name="androidx.profileinstaller.ProfileInstallReceiver"
100-->[androidx.profileinstaller:profileinstaller:1.4.0] AndroidManifest.xml:35:13-76
101            android:directBootAware="false"
101-->[androidx.profileinstaller:profileinstaller:1.4.0] AndroidManifest.xml:36:13-44
102            android:enabled="true"
102-->[androidx.profileinstaller:profileinstaller:1.4.0] AndroidManifest.xml:37:13-35
103            android:exported="true"
103-->[androidx.profileinstaller:profileinstaller:1.4.0] AndroidManifest.xml:38:13-36
104            android:permission="android.permission.DUMP" >
104-->[androidx.profileinstaller:profileinstaller:1.4.0] AndroidManifest.xml:39:13-57
105            <intent-filter>
105-->[androidx.profileinstaller:profileinstaller:1.4.0] AndroidManifest.xml:40:13-42:29
106                <action android:name="androidx.profileinstaller.action.INSTALL_PROFILE" />
106-->[androidx.profileinstaller:profileinstaller:1.4.0] AndroidManifest.xml:41:17-91
106-->[androidx.profileinstaller:profileinstaller:1.4.0] AndroidManifest.xml:41:25-88
107            </intent-filter>
108            <intent-filter>
108-->[androidx.profileinstaller:profileinstaller:1.4.0] AndroidManifest.xml:43:13-45:29
109                <action android:name="androidx.profileinstaller.action.SKIP_FILE" />
109-->[androidx.profileinstaller:profileinstaller:1.4.0] AndroidManifest.xml:44:17-85
109-->[androidx.profileinstaller:profileinstaller:1.4.0] AndroidManifest.xml:44:25-82
110            </intent-filter>
111            <intent-filter>
111-->[androidx.profileinstaller:profileinstaller:1.4.0] AndroidManifest.xml:46:13-48:29
112                <action android:name="androidx.profileinstaller.action.SAVE_PROFILE" />
112-->[androidx.profileinstaller:profileinstaller:1.4.0] AndroidManifest.xml:47:17-88
112-->[androidx.profileinstaller:profileinstaller:1.4.0] AndroidManifest.xml:47:25-85
113            </intent-filter>
114            <intent-filter>
114-->[androidx.profileinstaller:profileinstaller:1.4.0] AndroidManifest.xml:49:13-51:29
115                <action android:name="androidx.profileinstaller.action.BENCHMARK_OPERATION" />
115-->[androidx.profileinstaller:profileinstaller:1.4.0] AndroidManifest.xml:50:17-95
115-->[androidx.profileinstaller:profileinstaller:1.4.0] AndroidManifest.xml:50:25-92
116            </intent-filter>
117        </receiver>
118    </application>
119
120</manifest>